ERROR - 2024-05-29 10:51:27 --> Error connecting to the database: mysqli_sql_exception: Unknown database 'cv_ci4' in E:\laragon\www\CV_CI4\system\Database\MySQLi\Connection.php:186
Stack trace:
#0 E:\laragon\www\CV_CI4\system\Database\MySQLi\Connection.php(186): mysqli->real_connect('localhost', 'root', Object(SensitiveParameterValue), 'cv_ci4', 3306, '', 0)
#1 E:\laragon\www\CV_CI4\system\Database\BaseConnection.php(421): CodeIgniter\Database\MySQLi\Connection->connect(false)
#2 E:\laragon\www\CV_CI4\system\Database\BaseConnection.php(604): CodeIgniter\Database\BaseConnection->initialize()
#3 E:\laragon\www\CV_CI4\system\Database\BaseConnection.php(1471): CodeIgniter\Database\BaseConnection->query('SHOW TABLES FRO...')
#4 E:\laragon\www\CV_CI4\system\Database\BaseConnection.php(1490): CodeIgniter\Database\BaseConnection->listTables()
#5 E:\laragon\www\CV_CI4\system\Database\MigrationRunner.php(759): CodeIgniter\Database\BaseConnection->tableExists('migrations')
#6 E:\laragon\www\CV_CI4\system\Database\MigrationRunner.php(163): CodeIgniter\Database\MigrationRunner->ensureTable()
#7 E:\laragon\www\CV_CI4\system\Commands\Database\Migrate.php(85): CodeIgniter\Database\MigrationRunner->latest(NULL)
#8 E:\laragon\www\CV_CI4\system\CLI\Commands.php(70): CodeIgniter\Commands\Database\Migrate->run(Array)
#9 E:\laragon\www\CV_CI4\system\CLI\Console.php(48): CodeIgniter\CLI\Commands->run('migrate', Array)
#10 E:\laragon\www\CV_CI4\system\Boot.php(338): CodeIgniter\CLI\Console->run()
#11 E:\laragon\www\CV_CI4\system\Boot.php(104): CodeIgniter\Boot::runCommand(Object(CodeIgniter\CLI\Console))
#12 E:\laragon\www\CV_CI4\spark(84): CodeIgniter\Boot::bootSpark(Object(Config\Paths))
#13 {main}

Next CodeIgniter\Database\Exceptions\DatabaseException: Unknown database 'cv_ci4' in E:\laragon\www\CV_CI4\system\Database\MySQLi\Connection.php:231
Stack trace:
#0 E:\laragon\www\CV_CI4\system\Database\BaseConnection.php(421): CodeIgniter\Database\MySQLi\Connection->connect(false)
#1 E:\laragon\www\CV_CI4\system\Database\BaseConnection.php(604): CodeIgniter\Database\BaseConnection->initialize()
#2 E:\laragon\www\CV_CI4\system\Database\BaseConnection.php(1471): CodeIgniter\Database\BaseConnection->query('SHOW TABLES FRO...')
#3 E:\laragon\www\CV_CI4\system\Database\BaseConnection.php(1490): CodeIgniter\Database\BaseConnection->listTables()
#4 E:\laragon\www\CV_CI4\system\Database\MigrationRunner.php(759): CodeIgniter\Database\BaseConnection->tableExists('migrations')
#5 E:\laragon\www\CV_CI4\system\Database\MigrationRunner.php(163): CodeIgniter\Database\MigrationRunner->ensureTable()
#6 E:\laragon\www\CV_CI4\system\Commands\Database\Migrate.php(85): CodeIgniter\Database\MigrationRunner->latest(NULL)
#7 E:\laragon\www\CV_CI4\system\CLI\Commands.php(70): CodeIgniter\Commands\Database\Migrate->run(Array)
#8 E:\laragon\www\CV_CI4\system\CLI\Console.php(48): CodeIgniter\CLI\Commands->run('migrate', Array)
#9 E:\laragon\www\CV_CI4\system\Boot.php(338): CodeIgniter\CLI\Console->run()
#10 E:\laragon\www\CV_CI4\system\Boot.php(104): CodeIgniter\Boot::runCommand(Object(CodeIgniter\CLI\Console))
#11 E:\laragon\www\CV_CI4\spark(84): CodeIgniter\Boot::bootSpark(Object(Config\Paths))
#12 {main}
